2025-09-12 18:25:32 - WP_DIE - Action: yith-woocompare-reload-compare - Message: _ajax_wp_die_handler
2025-09-12 18:25:32 - WP_DIE - Action: yith-woocompare-reload-compare - Message: _ajax_wp_die_handler
2025-09-12 18:25:33 - WP_DIE - Action: wvp_log_cache_stats - Message: _ajax_wp_die_handler
2025-09-12 18:25:33 - WP_DIE - Action: kintaelectric_get_cart_count - Message: _ajax_wp_die_handler
2025-09-12 18:25:33 - WP_DIE - Action: wvp_log_cache_stats - Message: _ajax_wp_die_handler
2025-09-12 18:25:33 - WP_DIE - Action: kintaelectric_get_cart_count - Message: _ajax_wp_die_handler
2025-09-12 18:26:07 - WP_DIE - Action: kintaelectric_list_ajax_actions - Message: _ajax_wp_die_handler
2025-09-12 18:26:07 - WP_DIE - Action: kintaelectric_list_ajax_actions - Message: _ajax_wp_die_handler
2025-09-12 18:26:09 - WP_DIE - Action: kintaelectric_php_error_monitor - Message: _ajax_wp_die_handler
2025-09-12 18:26:09 - WP_DIE - Action: kintaelectric_php_error_monitor - Message: _ajax_wp_die_handler
2025-09-12 18:26:10 - WP_DIE - Action: kintaelectric_ajax_monitor - Message: _ajax_wp_die_handler
2025-09-12 18:26:10 - WP_DIE - Action: kintaelectric_ajax_monitor - Message: _ajax_wp_die_handler
2025-09-12 18:26:10 - WP_DIE - Action: kintaelectric_fatal_test - Message: _ajax_wp_die_handler
2025-09-12 18:26:10 - WP_DIE - Action: kintaelectric_fatal_test - Message: _ajax_wp_die_handler
2025-09-12 18:26:11 - WP_DIE - Action: kintaelectric_memory_test - Message: _ajax_wp_die_handler
2025-09-12 18:26:11 - WP_DIE - Action: kintaelectric_memory_test - Message: _ajax_wp_die_handler
2025-09-12 18:26:12 - WP_DIE - Action: kintaelectric_server_diagnostic - Message: _ajax_wp_die_handler
2025-09-12 18:26:12 - WP_DIE - Action: kintaelectric_server_diagnostic - Message: _ajax_wp_die_handler
2025-09-12 18:26:14 - WP_DIE - Action: kintaelectric_direct_test - Message: _ajax_wp_die_handler
2025-09-12 18:26:14 - WP_DIE - Action: kintaelectric_direct_test - Message: _ajax_wp_die_handler
2025-09-12 18:26:15 - WP_DIE - Action: kintaelectric_json_logger - Message: _ajax_wp_die_handler
2025-09-12 18:26:15 - WP_DIE - Action: kintaelectric_json_logger - Message: _ajax_wp_die_handler
2025-09-12 18:26:16 - WP_DIE - Action: kintaelectric_ajax_logger - Message: _ajax_wp_die_handler
2025-09-12 18:26:16 - WP_DIE - Action: kintaelectric_ajax_logger - Message: _ajax_wp_die_handler
2025-09-12 18:26:17 - WP_DIE - Action: kintaelectric_emergency_test - Message: _ajax_wp_die_handler
2025-09-12 18:26:17 - WP_DIE - Action: kintaelectric_emergency_test - Message: _ajax_wp_die_handler
2025-09-12 18:26:18 - WP_DIE - Action: kintaelectric_simple_test - Message: _ajax_wp_die_handler
2025-09-12 18:26:18 - WP_DIE - Action: kintaelectric_simple_test - Message: _ajax_wp_die_handler
2025-09-12 18:26:19 - WP_DIE - Action: kintaelectric_test_ajax - Message: _ajax_wp_die_handler
2025-09-12 18:26:19 - WP_DIE - Action: kintaelectric_test_ajax - Message: _ajax_wp_die_handler
2025-09-12 18:26:20 - WP_DIE - Action: kintaelectric_debug_ajax - Message: _ajax_wp_die_handler
2025-09-12 18:26:20 - WP_DIE - Action: kintaelectric_debug_ajax - Message: _ajax_wp_die_handler
2025-09-12 18:26:32 - WP_DIE - Action: heartbeat - Message: _ajax_wp_die_handler
2025-09-12 18:26:32 - WP_DIE - Action: heartbeat - Message: _ajax_wp_die_handler
2025-09-12 18:26:33 - WP_DIE - Action: heartbeat - Message: _ajax_wp_die_handler
2025-09-12 18:26:33 - WP_DIE - Action: heartbeat - Message: _ajax_wp_die_handler
