2025-09-12 17:27:07 - Action: yith-woocompare-reload-compare - Method: POST - URI: /?wc-ajax=yith-woocompare-reload-compare
2025-09-12 17:27:08 - Action: kintaelectric_get_cart_count - Method: POST - URI: /wp-admin/admin-ajax.php
2025-09-12 17:27:08 - Action: wvp_log_cache_stats - Method: POST - URI: /wp-admin/admin-ajax.php
2025-09-12 17:27:11 - Action: kintaelectric_test_ajax - Method: POST - URI: /wp-admin/admin-ajax.php
2025-09-12 17:27:12 - Action: kintaelectric_debug_ajax - Method: POST - URI: /wp-admin/admin-ajax.php
2025-09-12 17:27:13 - Action: kintaelectric_simple_test - Method: POST - URI: /wp-admin/admin-ajax.php
2025-09-12 17:27:16 - Action: kintaelectric_direct_test - Method: POST - URI: /wp-admin/admin-ajax.php
2025-09-12 17:27:18 - Action: kintaelectric_ajax_logger - Method: POST - URI: /wp-admin/admin-ajax.php
2025-09-12 17:27:19 - Action: kintaelectric_json_logger - Method: POST - URI: /wp-admin/admin-ajax.php
2025-09-12 17:27:36 - Action: heartbeat - Method: POST - URI: /wp-admin/admin-ajax.php
2025-09-12 17:29:37 - Action: heartbeat - Method: POST - URI: /wp-admin/admin-ajax.php
2025-09-12 17:31:38 - Action: heartbeat - Method: POST - URI: /wp-admin/admin-ajax.php
2025-09-12 17:33:39 - Action: heartbeat - Method: POST - URI: /wp-admin/admin-ajax.php
2025-09-12 17:35:40 - Action: heartbeat - Method: POST - URI: /wp-admin/admin-ajax.php
2025-09-12 17:37:41 - Action: heartbeat - Method: POST - URI: /wp-admin/admin-ajax.php
2025-09-12 17:39:42 - Action: heartbeat - Method: POST - URI: /wp-admin/admin-ajax.php
2025-09-12 17:41:43 - Action: heartbeat - Method: POST - URI: /wp-admin/admin-ajax.php
2025-09-12 17:43:44 - Action: heartbeat - Method: POST - URI: /wp-admin/admin-ajax.php
2025-09-12 17:45:45 - Action: heartbeat - Method: POST - URI: /wp-admin/admin-ajax.php
2025-09-12 17:47:46 - Action: heartbeat - Method: POST - URI: /wp-admin/admin-ajax.php
2025-09-12 17:49:47 - Action: heartbeat - Method: POST - URI: /wp-admin/admin-ajax.php
2025-09-12 17:51:48 - Action: heartbeat - Method: POST - URI: /wp-admin/admin-ajax.php
2025-09-12 17:53:49 - Action: heartbeat - Method: POST - URI: /wp-admin/admin-ajax.php
2025-09-12 17:55:50 - Action: heartbeat - Method: POST - URI: /wp-admin/admin-ajax.php
2025-09-12 17:57:51 - Action: heartbeat - Method: POST - URI: /wp-admin/admin-ajax.php
2025-09-12 17:59:52 - Action: heartbeat - Method: POST - URI: /wp-admin/admin-ajax.php
2025-09-12 18:01:53 - Action: heartbeat - Method: POST - URI: /wp-admin/admin-ajax.php
2025-09-12 18:03:54 - Action: heartbeat - Method: POST - URI: /wp-admin/admin-ajax.php
2025-09-12 18:05:55 - Action: heartbeat - Method: POST - URI: /wp-admin/admin-ajax.php
2025-09-12 18:07:56 - Action: heartbeat - Method: POST - URI: /wp-admin/admin-ajax.php
2025-09-12 18:09:57 - Action: heartbeat - Method: POST - URI: /wp-admin/admin-ajax.php
2025-09-12 18:11:58 - Action: heartbeat - Method: POST - URI: /wp-admin/admin-ajax.php
2025-09-12 18:13:59 - Action: heartbeat - Method: POST - URI: /wp-admin/admin-ajax.php
2025-09-12 18:16:00 - Action: heartbeat - Method: POST - URI: /wp-admin/admin-ajax.php
2025-09-12 18:17:10 - Action: heartbeat - Method: POST - URI: /wp-admin/admin-ajax.php
2025-09-12 18:17:15 - Action: yith-woocompare-reload-compare - Method: POST - URI: /?wc-ajax=yith-woocompare-reload-compare
2025-09-12 18:17:16 - Action: kintaelectric_get_cart_count - Method: POST - URI: /wp-admin/admin-ajax.php
2025-09-12 18:17:16 - Action: wvp_log_cache_stats - Method: POST - URI: /wp-admin/admin-ajax.php
2025-09-12 18:17:30 - Action: kintaelectric_test_ajax - Method: POST - URI: /wp-admin/admin-ajax.php
2025-09-12 18:17:30 - Action: kintaelectric_debug_ajax - Method: POST - URI: /wp-admin/admin-ajax.php
2025-09-12 18:17:31 - Action: kintaelectric_simple_test - Method: POST - URI: /wp-admin/admin-ajax.php
2025-09-12 18:17:34 - Action: kintaelectric_emergency_test - Method: POST - URI: /wp-admin/admin-ajax.php
2025-09-12 18:17:34 - Action: kintaelectric_ajax_logger - Method: POST - URI: /wp-admin/admin-ajax.php
2025-09-12 18:17:35 - Action: kintaelectric_json_logger - Method: POST - URI: /wp-admin/admin-ajax.php
2025-09-12 18:19:11 - Action: heartbeat - Method: POST - URI: /wp-admin/admin-ajax.php
2025-09-12 18:19:44 - Action: yith-woocompare-reload-compare - Method: POST - URI: /?wc-ajax=yith-woocompare-reload-compare
2025-09-12 18:19:45 - Action: kintaelectric_get_cart_count - Method: POST - URI: /wp-admin/admin-ajax.php
2025-09-12 18:19:45 - Action: wvp_log_cache_stats - Method: POST - URI: /wp-admin/admin-ajax.php
2025-09-12 18:20:30 - Action: heartbeat - Method: POST - URI: /wp-admin/admin-ajax.php
2025-09-12 18:20:31 - Action: heartbeat - Method: POST - URI: /wp-admin/admin-ajax.php
2025-09-12 18:20:35 - Action: yith-woocompare-reload-compare - Method: POST - URI: /?wc-ajax=yith-woocompare-reload-compare
2025-09-12 18:20:35 - Action: kintaelectric_get_cart_count - Method: POST - URI: /wp-admin/admin-ajax.php
2025-09-12 18:20:35 - Action: wvp_log_cache_stats - Method: POST - URI: /wp-admin/admin-ajax.php
2025-09-12 18:20:36 - Action: kintaelectric_test_ajax - Method: POST - URI: /wp-admin/admin-ajax.php
2025-09-12 18:20:37 - Action: kintaelectric_debug_ajax - Method: POST - URI: /wp-admin/admin-ajax.php
2025-09-12 18:20:38 - Action: kintaelectric_simple_test - Method: POST - URI: /wp-admin/admin-ajax.php
2025-09-12 18:20:40 - Action: kintaelectric_emergency_test - Method: POST - URI: /wp-admin/admin-ajax.php
2025-09-12 18:20:42 - Action: kintaelectric_direct_test - Method: POST - URI: /wp-admin/admin-ajax.php
2025-09-12 18:20:44 - Action: kintaelectric_ajax_logger - Method: POST - URI: /wp-admin/admin-ajax.php
2025-09-12 18:20:45 - Action: kintaelectric_json_logger - Method: POST - URI: /wp-admin/admin-ajax.php
2025-09-12 18:20:48 - Action: kintaelectric_emergency_handler - Method: POST - URI: /wp-admin/admin-ajax.php
2025-09-12 18:20:49 - Action: kintaelectric_server_diagnostic - Method: POST - URI: /wp-admin/admin-ajax.php
2025-09-12 18:20:51 - Action: kintaelectric_memory_test - Method: POST - URI: /wp-admin/admin-ajax.php
2025-09-12 18:20:52 - Action: kintaelectric_fatal_test - Method: POST - URI: /wp-admin/admin-ajax.php
2025-09-12 18:22:30 - Action: heartbeat - Method: POST - URI: /wp-admin/admin-ajax.php
2025-09-12 18:22:31 - Action: heartbeat - Method: POST - URI: /wp-admin/admin-ajax.php
2025-09-12 18:23:56 - Action: yith-woocompare-reload-compare - Method: POST - URI: /?wc-ajax=yith-woocompare-reload-compare
2025-09-12 18:23:56 - Action: wvp_log_cache_stats - Method: POST - URI: /wp-admin/admin-ajax.php
2025-09-12 18:23:56 - Action: kintaelectric_get_cart_count - Method: POST - URI: /wp-admin/admin-ajax.php
2025-09-12 18:24:00 - Action: kintaelectric_test_ajax - Method: POST - URI: /wp-admin/admin-ajax.php
2025-09-12 18:24:01 - Action: kintaelectric_debug_ajax - Method: POST - URI: /wp-admin/admin-ajax.php
2025-09-12 18:24:03 - Action: kintaelectric_simple_test - Method: POST - URI: /wp-admin/admin-ajax.php
2025-09-12 18:24:04 - Action: kintaelectric_emergency_test - Method: POST - URI: /wp-admin/admin-ajax.php
2025-09-12 18:24:07 - Action: kintaelectric_direct_test - Method: POST - URI: /wp-admin/admin-ajax.php
2025-09-12 18:24:09 - Action: kintaelectric_ajax_logger - Method: POST - URI: /wp-admin/admin-ajax.php
2025-09-12 18:24:11 - Action: kintaelectric_json_logger - Method: POST - URI: /wp-admin/admin-ajax.php
2025-09-12 18:24:14 - Action: kintaelectric_emergency_handler - Method: POST - URI: /wp-admin/admin-ajax.php
2025-09-12 18:24:15 - Action: kintaelectric_server_diagnostic - Method: POST - URI: /wp-admin/admin-ajax.php
2025-09-12 18:24:17 - Action: kintaelectric_memory_test - Method: POST - URI: /wp-admin/admin-ajax.php
2025-09-12 18:24:18 - Action: kintaelectric_fatal_test - Method: POST - URI: /wp-admin/admin-ajax.php
2025-09-12 18:24:21 - Action: kintaelectric_ajax_monitor - Method: POST - URI: /wp-admin/admin-ajax.php
2025-09-12 18:24:22 - Action: kintaelectric_php_error_monitor - Method: POST - URI: /wp-admin/admin-ajax.php
2025-09-12 18:24:23 - Action: kintaelectric_list_ajax_actions - Method: POST - URI: /wp-admin/admin-ajax.php
2025-09-12 18:24:31 - Action: heartbeat - Method: POST - URI: /wp-admin/admin-ajax.php
2025-09-12 18:24:32 - Action: heartbeat - Method: POST - URI: /wp-admin/admin-ajax.php
2025-09-12 18:25:32 - Action: yith-woocompare-reload-compare - Method: POST - URI: /?wc-ajax=yith-woocompare-reload-compare
2025-09-12 18:25:33 - Action: wvp_log_cache_stats - Method: POST - URI: /wp-admin/admin-ajax.php
2025-09-12 18:25:33 - Action: kintaelectric_get_cart_count - Method: POST - URI: /wp-admin/admin-ajax.php
2025-09-12 18:26:07 - Action: kintaelectric_list_ajax_actions - Method: POST - URI: /wp-admin/admin-ajax.php
2025-09-12 18:26:09 - Action: kintaelectric_php_error_monitor - Method: POST - URI: /wp-admin/admin-ajax.php
2025-09-12 18:26:10 - Action: kintaelectric_ajax_monitor - Method: POST - URI: /wp-admin/admin-ajax.php
2025-09-12 18:26:10 - Action: kintaelectric_fatal_test - Method: POST - URI: /wp-admin/admin-ajax.php
2025-09-12 18:26:11 - Action: kintaelectric_memory_test - Method: POST - URI: /wp-admin/admin-ajax.php
2025-09-12 18:26:12 - Action: kintaelectric_server_diagnostic - Method: POST - URI: /wp-admin/admin-ajax.php
2025-09-12 18:26:14 - Action: kintaelectric_direct_test - Method: POST - URI: /wp-admin/admin-ajax.php
2025-09-12 18:26:15 - Action: kintaelectric_json_logger - Method: POST - URI: /wp-admin/admin-ajax.php
2025-09-12 18:26:16 - Action: kintaelectric_ajax_logger - Method: POST - URI: /wp-admin/admin-ajax.php
2025-09-12 18:26:17 - Action: kintaelectric_emergency_test - Method: POST - URI: /wp-admin/admin-ajax.php
2025-09-12 18:26:18 - Action: kintaelectric_simple_test - Method: POST - URI: /wp-admin/admin-ajax.php
2025-09-12 18:26:19 - Action: kintaelectric_test_ajax - Method: POST - URI: /wp-admin/admin-ajax.php
2025-09-12 18:26:20 - Action: kintaelectric_debug_ajax - Method: POST - URI: /wp-admin/admin-ajax.php
2025-09-12 18:26:32 - Action: heartbeat - Method: POST - URI: /wp-admin/admin-ajax.php
2025-09-12 18:26:33 - Action: heartbeat - Method: POST - URI: /wp-admin/admin-ajax.php
2025-09-12 18:28:33 - Action: heartbeat - Method: POST - URI: /wp-admin/admin-ajax.php
2025-09-12 18:28:34 - Action: heartbeat - Method: POST - URI: /wp-admin/admin-ajax.php
2025-09-12 18:28:36 - Action: as_async_request_queue_runner - Method: POST - URI: /wp-admin/admin-ajax.php?action=as_async_request_queue_runner&nonce=8ba4323dc6
2025-09-12 18:30:34 - Action: heartbeat - Method: POST - URI: /wp-admin/admin-ajax.php
2025-09-12 18:30:35 - Action: heartbeat - Method: POST - URI: /wp-admin/admin-ajax.php
2025-09-12 18:32:35 - Action: heartbeat - Method: POST - URI: /wp-admin/admin-ajax.php
2025-09-12 18:34:36 - Action: heartbeat - Method: POST - URI: /wp-admin/admin-ajax.php
2025-09-12 18:36:37 - Action: heartbeat - Method: POST - URI: /wp-admin/admin-ajax.php
2025-09-12 18:38:38 - Action: heartbeat - Method: POST - URI: /wp-admin/admin-ajax.php
2025-09-12 18:38:54 - Action: heartbeat - Method: POST - URI: /wp-admin/admin-ajax.php
2025-09-12 18:38:55 - Action: yith-woocompare-reload-compare - Method: POST - URI: /?wc-ajax=yith-woocompare-reload-compare
2025-09-12 18:38:55 - Action: wvp_log_cache_stats - Method: POST - URI: /wp-admin/admin-ajax.php
2025-09-12 18:38:55 - Action: kintaelectric_get_cart_count - Method: POST - URI: /wp-admin/admin-ajax.php
2025-09-12 18:38:59 - Action: kintaelectric_diagnostic - Method: POST - URI: /wp-admin/admin-ajax.php
2025-09-12 18:39:00 - Action: kintaelectric_list_ajax_actions - Method: POST - URI: /wp-admin/admin-ajax.php
2025-09-12 18:39:01 - Action: kintaelectric_php_error_monitor - Method: POST - URI: /wp-admin/admin-ajax.php
2025-09-12 18:39:03 - Action: kintaelectric_ajax_monitor - Method: POST - URI: /wp-admin/admin-ajax.php
2025-09-12 18:39:03 - Action: kintaelectric_fatal_test - Method: POST - URI: /wp-admin/admin-ajax.php
2025-09-12 18:39:04 - Action: kintaelectric_server_diagnostic - Method: POST - URI: /wp-admin/admin-ajax.php
2025-09-12 18:39:06 - Action: kintaelectric_memory_test - Method: POST - URI: /wp-admin/admin-ajax.php
2025-09-12 18:39:07 - Action: kintaelectric_json_logger - Method: POST - URI: /wp-admin/admin-ajax.php
2025-09-12 18:39:08 - Action: kintaelectric_emergency_handler - Method: POST - URI: /wp-admin/admin-ajax.php
2025-09-12 18:39:09 - Action: kintaelectric_ajax_logger - Method: POST - URI: /wp-admin/admin-ajax.php
2025-09-12 18:39:09 - Action: kintaelectric_direct_test - Method: POST - URI: /wp-admin/admin-ajax.php
2025-09-12 18:39:10 - Action: kintaelectric_simple_test - Method: POST - URI: /wp-admin/admin-ajax.php
2025-09-12 18:39:12 - Action: kintaelectric_emergency_test - Method: POST - URI: /wp-admin/admin-ajax.php
2025-09-12 18:39:12 - Action: kintaelectric_debug_ajax - Method: POST - URI: /wp-admin/admin-ajax.php
2025-09-12 18:39:14 - Action: kintaelectric_test_ajax - Method: POST - URI: /wp-admin/admin-ajax.php
2025-09-12 18:40:27 - Action: yith-woocompare-reload-compare - Method: POST - URI: /?wc-ajax=yith-woocompare-reload-compare
2025-09-12 18:40:27 - Action: kintaelectric_get_cart_count - Method: POST - URI: /wp-admin/admin-ajax.php
2025-09-12 18:40:28 - Action: wvp_log_cache_stats - Method: POST - URI: /wp-admin/admin-ajax.php
2025-09-12 18:40:31 - Action: kintaelectric_test_ajax - Method: POST - URI: /wp-admin/admin-ajax.php
2025-09-12 18:40:31 - Action: kintaelectric_debug_ajax - Method: POST - URI: /wp-admin/admin-ajax.php
2025-09-12 18:40:32 - Action: kintaelectric_simple_test - Method: POST - URI: /wp-admin/admin-ajax.php
2025-09-12 18:40:33 - Action: kintaelectric_emergency_test - Method: POST - URI: /wp-admin/admin-ajax.php
2025-09-12 18:40:34 - Action: kintaelectric_direct_test - Method: POST - URI: /wp-admin/admin-ajax.php
2025-09-12 18:40:34 - Action: kintaelectric_ajax_logger - Method: POST - URI: /wp-admin/admin-ajax.php
2025-09-12 18:40:35 - Action: kintaelectric_json_logger - Method: POST - URI: /wp-admin/admin-ajax.php
2025-09-12 18:40:35 - Action: kintaelectric_emergency_handler - Method: POST - URI: /wp-admin/admin-ajax.php
2025-09-12 18:40:36 - Action: kintaelectric_server_diagnostic - Method: POST - URI: /wp-admin/admin-ajax.php
2025-09-12 18:40:37 - Action: kintaelectric_memory_test - Method: POST - URI: /wp-admin/admin-ajax.php
2025-09-12 18:40:38 - Action: kintaelectric_fatal_test - Method: POST - URI: /wp-admin/admin-ajax.php
2025-09-12 18:40:39 - Action: kintaelectric_ajax_monitor - Method: POST - URI: /wp-admin/admin-ajax.php
2025-09-12 18:40:40 - Action: kintaelectric_php_error_monitor - Method: POST - URI: /wp-admin/admin-ajax.php
2025-09-12 18:40:41 - Action: kintaelectric_diagnostic - Method: POST - URI: /wp-admin/admin-ajax.php
2025-09-12 18:40:42 - Action: kintaelectric_list_ajax_actions - Method: POST - URI: /wp-admin/admin-ajax.php
2025-09-12 18:40:55 - Action: heartbeat - Method: POST - URI: /wp-admin/admin-ajax.php
2025-09-12 18:41:50 - Action: yith-woocompare-reload-compare - Method: POST - URI: /?wc-ajax=yith-woocompare-reload-compare
2025-09-12 18:41:50 - Action: wvp_log_cache_stats - Method: POST - URI: /wp-admin/admin-ajax.php
2025-09-12 18:41:51 - Action: kintaelectric_get_cart_count - Method: POST - URI: /wp-admin/admin-ajax.php
2025-09-12 18:42:56 - Action: yith-woocompare-reload-compare - Method: POST - URI: /?wc-ajax=yith-woocompare-reload-compare
2025-09-12 18:42:56 - Action: wvp_log_cache_stats - Method: POST - URI: /wp-admin/admin-ajax.php
2025-09-12 18:42:56 - Action: kintaelectric_get_cart_count - Method: POST - URI: /wp-admin/admin-ajax.php
2025-09-12 18:42:57 - Action: heartbeat - Method: POST - URI: /wp-admin/admin-ajax.php
2025-09-12 18:43:34 - Action: yith-woocompare-reload-compare - Method: POST - URI: /?wc-ajax=yith-woocompare-reload-compare
2025-09-12 18:43:35 - Action: kintaelectric_get_cart_count - Method: POST - URI: /wp-admin/admin-ajax.php
2025-09-12 18:43:35 - Action: wvp_log_cache_stats - Method: POST - URI: /wp-admin/admin-ajax.php
2025-09-12 18:43:37 - Action: kintaelectric_test_ajax - Method: POST - URI: /wp-admin/admin-ajax.php
2025-09-12 18:43:38 - Action: kintaelectric_debug_ajax - Method: POST - URI: /wp-admin/admin-ajax.php
2025-09-12 18:43:38 - Action: kintaelectric_simple_test - Method: POST - URI: /wp-admin/admin-ajax.php
2025-09-12 18:43:39 - Action: kintaelectric_emergency_test - Method: POST - URI: /wp-admin/admin-ajax.php
2025-09-12 18:43:39 - Action: kintaelectric_direct_test - Method: POST - URI: /wp-admin/admin-ajax.php
2025-09-12 18:43:41 - Action: kintaelectric_ajax_logger - Method: POST - URI: /wp-admin/admin-ajax.php
2025-09-12 18:43:42 - Action: kintaelectric_json_logger - Method: POST - URI: /wp-admin/admin-ajax.php
2025-09-12 18:43:43 - Action: kintaelectric_emergency_handler - Method: POST - URI: /wp-admin/admin-ajax.php
2025-09-12 18:43:44 - Action: kintaelectric_server_diagnostic - Method: POST - URI: /wp-admin/admin-ajax.php
2025-09-12 18:43:45 - Action: kintaelectric_memory_test - Method: POST - URI: /wp-admin/admin-ajax.php
2025-09-12 18:43:46 - Action: kintaelectric_fatal_test - Method: POST - URI: /wp-admin/admin-ajax.php
2025-09-12 18:43:47 - Action: kintaelectric_ajax_monitor - Method: POST - URI: /wp-admin/admin-ajax.php
2025-09-12 18:43:48 - Action: kintaelectric_php_error_monitor - Method: POST - URI: /wp-admin/admin-ajax.php
2025-09-12 18:43:50 - Action: kintaelectric_diagnostic - Method: POST - URI: /wp-admin/admin-ajax.php
2025-09-12 18:43:51 - Action: kintaelectric_list_ajax_actions - Method: POST - URI: /wp-admin/admin-ajax.php
2025-09-12 18:44:57 - Action: heartbeat - Method: POST - URI: /wp-admin/admin-ajax.php
2025-09-12 18:46:58 - Action: heartbeat - Method: POST - URI: /wp-admin/admin-ajax.php
2025-09-12 18:48:59 - Action: heartbeat - Method: POST - URI: /wp-admin/admin-ajax.php
2025-09-12 18:51:00 - Action: heartbeat - Method: POST - URI: /wp-admin/admin-ajax.php
2025-09-12 18:53:01 - Action: heartbeat - Method: POST - URI: /wp-admin/admin-ajax.php
2025-09-12 18:53:50 - Action: yith-woocompare-reload-compare - Method: POST - URI: /?wc-ajax=yith-woocompare-reload-compare
2025-09-12 18:53:51 - Action: wvp_log_cache_stats - Method: POST - URI: /wp-admin/admin-ajax.php
2025-09-12 18:53:51 - Action: kintaelectric_get_cart_count - Method: POST - URI: /wp-admin/admin-ajax.php
2025-09-12 18:55:02 - Action: heartbeat - Method: POST - URI: /wp-admin/admin-ajax.php
2025-09-12 18:55:59 - Action: yith-woocompare-reload-compare - Method: POST - URI: /?wc-ajax=yith-woocompare-reload-compare
2025-09-12 18:56:00 - Action: kintaelectric_get_cart_count - Method: POST - URI: /wp-admin/admin-ajax.php
2025-09-12 18:56:00 - Action: wvp_log_cache_stats - Method: POST - URI: /wp-admin/admin-ajax.php
2025-09-12 18:56:03 - Action: kintaelectric_track_400_errors - Method: POST - URI: /wp-admin/admin-ajax.php
2025-09-12 18:56:05 - Action: kintaelectric_test_heartbeat - Method: POST - URI: /wp-admin/admin-ajax.php
2025-09-12 18:56:06 - Action: kintaelectric_test_wvp - Method: POST - URI: /wp-admin/admin-ajax.php
2025-09-12 18:57:03 - Action: heartbeat - Method: POST - URI: /wp-admin/admin-ajax.php
2025-09-12 18:57:05 - Action: yith-woocompare-reload-compare - Method: POST - URI: /?wc-ajax=yith-woocompare-reload-compare
2025-09-12 18:57:06 - Action: wvp_log_cache_stats - Method: POST - URI: /wp-admin/admin-ajax.php
2025-09-12 18:57:06 - Action: kintaelectric_get_cart_count - Method: POST - URI: /wp-admin/admin-ajax.php
2025-09-12 18:59:04 - Action: heartbeat - Method: POST - URI: /wp-admin/admin-ajax.php
2025-09-12 19:00:49 - Action: heartbeat - Method: POST - URI: /wp-admin/admin-ajax.php
2025-09-12 19:02:50 - Action: heartbeat - Method: POST - URI: /wp-admin/admin-ajax.php
2025-09-12 19:04:51 - Action: heartbeat - Method: POST - URI: /wp-admin/admin-ajax.php
2025-09-12 19:06:52 - Action: heartbeat - Method: POST - URI: /wp-admin/admin-ajax.php
2025-09-12 19:08:53 - Action: heartbeat - Method: POST - URI: /wp-admin/admin-ajax.php
2025-09-12 19:10:54 - Action: heartbeat - Method: POST - URI: /wp-admin/admin-ajax.php
2025-09-12 19:12:55 - Action: heartbeat - Method: POST - URI: /wp-admin/admin-ajax.php
2025-09-12 19:13:39 - Action: yith-woocompare-reload-compare - Method: POST - URI: /?wc-ajax=yith-woocompare-reload-compare
2025-09-12 19:13:40 - Action: wvp_log_cache_stats - Method: POST - URI: /wp-admin/admin-ajax.php
2025-09-12 19:13:40 - Action: kintaelectric_get_cart_count - Method: POST - URI: /wp-admin/admin-ajax.php
2025-09-12 19:14:56 - Action: heartbeat - Method: POST - URI: /wp-admin/admin-ajax.php
